0 verbose cli C:\Program Files\node.exe C:\Program Files\node_modules\npm\bin\npm-cli.js
1 info using npm@10.9.2
2 info using node@v22.16.0
3 silly config load:file:C:\Program Files\node_modules\npm\npmrc
4 silly config load:file:C:\Users\Usuário\Documents\EBAC\python\Introdução ao Redux com React\tarefa_modulo\ebac_sports\.npmrc
5 silly config load:file:C:\Users\Usuário\.npmrc
6 silly config load:file:C:\Users\Usuário\AppData\Roaming\npm\etc\npmrc
7 verbose title npm install @reduxjs/toolkit react-redux
8 verbose argv "install" "@reduxjs/toolkit" "react-redux"
9 verbose logfile logs-max:10 dir:C:\Users\Usuário\Documents\EBAC\python\Introdução ao Redux com React\tarefa_modulo\ebac_sports\UsersDESKTOP-U9J66QUAppDataLocalnpm-cache\_logs\2025-06-17T22_08_31_214Z-
10 verbose logfile C:\Users\Usuário\Documents\EBAC\python\Introdução ao Redux com React\tarefa_modulo\ebac_sports\UsersDESKTOP-U9J66QUAppDataLocalnpm-cache\_logs\2025-06-17T22_08_31_214Z-debug-0.log
11 silly logfile done cleaning log files
12 silly packumentCache heap:4345298944 maxSize:1086324736 maxEntrySize:543162368
13 silly idealTree buildDeps
14 silly fetch manifest @reduxjs/toolkit@*
15 silly packumentCache full:https://registry.npmjs.org/@reduxjs%2ftoolkit cache-miss
16 verbose shrinkwrap failed to load node_modules/.package-lock.json out of date, updated: node_modules
17 http fetch GET 200 https://registry.npmjs.org/@reduxjs%2ftoolkit 1142ms (cache miss)
18 silly packumentCache full:https://registry.npmjs.org/@reduxjs%2ftoolkit set size:undefined disposed:false
19 silly fetch manifest react@^18.2.0
20 silly packumentCache full:https://registry.npmjs.org/react cache-miss
21 http fetch GET 200 https://registry.npmjs.org/react 91ms (cache revalidated)
22 silly packumentCache full:https://registry.npmjs.org/react set size:5779963 disposed:false
23 silly fetch manifest react-redux@*
24 silly packumentCache full:https://registry.npmjs.org/react-redux cache-miss
25 http fetch GET 200 https://registry.npmjs.org/react-redux 285ms (cache miss)
26 silly packumentCache full:https://registry.npmjs.org/react-redux set size:undefined disposed:false
27 silly fetch manifest @types/react@^18.0.28
28 silly packumentCache full:https://registry.npmjs.org/@types%2freact cache-miss
29 http fetch GET 200 https://registry.npmjs.org/@types%2freact 603ms (cache miss)
30 silly packumentCache full:https://registry.npmjs.org/@types%2freact set size:undefined disposed:false
31 silly fetch manifest redux@^5.0.0
32 silly packumentCache full:https://registry.npmjs.org/redux cache-miss
33 http fetch GET 200 https://registry.npmjs.org/redux 156ms (cache miss)
34 silly packumentCache full:https://registry.npmjs.org/redux set size:undefined disposed:false
35 silly placeDep ROOT @reduxjs/toolkit@2.8.2 OK for: loja@0.1.0 want: *
36 silly placeDep ROOT react-redux@9.2.0 OK for: loja@0.1.0 want: *
37 silly placeDep ROOT @types/react@18.3.23 REPLACE for: react-redux@9.2.0 want: ^18.2.25 || ^19
38 silly fetch manifest @standard-schema/spec@^1.0.0
39 silly packumentCache full:https://registry.npmjs.org/@standard-schema%2fspec cache-miss
40 silly fetch manifest @standard-schema/utils@^0.3.0
41 silly packumentCache full:https://registry.npmjs.org/@standard-schema%2futils cache-miss
42 silly fetch manifest immer@^10.0.3
43 silly packumentCache full:https://registry.npmjs.org/immer cache-miss
44 silly fetch manifest redux@^5.0.1
45 silly packumentCache full:https://registry.npmjs.org/redux cache-miss
46 silly fetch manifest redux-thunk@^3.1.0
47 silly packumentCache full:https://registry.npmjs.org/redux-thunk cache-miss
48 silly fetch manifest reselect@^5.1.0
49 silly packumentCache full:https://registry.npmjs.org/reselect cache-miss
50 silly fetch manifest @types/use-sync-external-store@^0.0.6
51 silly packumentCache full:https://registry.npmjs.org/@types%2fuse-sync-external-store cache-miss
52 http cache https://registry.npmjs.org/redux 22ms (cache hit)
53 silly packumentCache full:https://registry.npmjs.org/redux set size:553833 disposed:false
54 silly fetch manifest use-sync-external-store@^1.4.0
55 silly packumentCache full:https://registry.npmjs.org/use-sync-external-store cache-miss
56 http fetch GET 200 https://registry.npmjs.org/redux-thunk 242ms (cache miss)
57 silly packumentCache full:https://registry.npmjs.org/redux-thunk set size:undefined disposed:false
58 http fetch GET 200 https://registry.npmjs.org/@standard-schema%2futils 273ms (cache miss)
59 silly packumentCache full:https://registry.npmjs.org/@standard-schema%2futils set size:undefined disposed:false
60 http fetch GET 200 https://registry.npmjs.org/@types%2fuse-sync-external-store 332ms (cache miss)
61 silly packumentCache full:https://registry.npmjs.org/@types%2fuse-sync-external-store set size:undefined disposed:false
62 http fetch GET 200 https://registry.npmjs.org/reselect 677ms (cache miss)
63 silly packumentCache full:https://registry.npmjs.org/reselect set size:undefined disposed:false
64 http fetch GET 200 https://registry.npmjs.org/immer 796ms (cache miss)
65 silly packumentCache full:https://registry.npmjs.org/immer set size:undefined disposed:false
66 http fetch GET 200 https://registry.npmjs.org/@standard-schema%2fspec 836ms (cache miss)
67 silly packumentCache full:https://registry.npmjs.org/@standard-schema%2fspec set size:undefined disposed:false
68 http fetch GET 200 https://registry.npmjs.org/use-sync-external-store 1232ms (cache miss)
69 silly packumentCache full:https://registry.npmjs.org/use-sync-external-store set size:undefined disposed:false
70 silly placeDep ROOT @standard-schema/spec@1.0.0 OK for: @reduxjs/toolkit@2.8.2 want: ^1.0.0
71 silly placeDep ROOT @standard-schema/utils@0.3.0 OK for: @reduxjs/toolkit@2.8.2 want: ^0.3.0
72 silly placeDep node_modules/@reduxjs/toolkit immer@10.1.1 OK for: @reduxjs/toolkit@2.8.2 want: ^10.0.3
73 silly placeDep ROOT redux@5.0.1 OK for: @reduxjs/toolkit@2.8.2 want: ^5.0.1
74 silly placeDep ROOT redux-thunk@3.1.0 OK for: @reduxjs/toolkit@2.8.2 want: ^3.1.0
75 silly placeDep ROOT reselect@5.1.1 OK for: @reduxjs/toolkit@2.8.2 want: ^5.1.0
76 silly fetch manifest react@^18.0 || ^19
77 silly packumentCache full:https://registry.npmjs.org/react cache-miss
78 http cache https://registry.npmjs.org/react 18ms (cache hit)
79 silly packumentCache full:https://registry.npmjs.org/react set size:5779963 disposed:false
80 silly placeDep ROOT @types/use-sync-external-store@0.0.6 OK for: react-redux@9.2.0 want: ^0.0.6
81 silly placeDep ROOT use-sync-external-store@1.5.0 OK for: react-redux@9.2.0 want: ^1.4.0
82 silly reify mark retired [
82 silly reify   'C:\\Users\\Usuário\\Documents\\EBAC\\python\\Introdução ao Redux com React\\tarefa_modulo\\ebac_sports\\node_modules\\@types\\react'
82 silly reify ]
83 silly reify mark retired [
83 silly reify   'C:\\Users\\Usuário\\Documents\\EBAC\\python\\Introdução ao Redux com React\\tarefa_modulo\\ebac_sports\\node_modules\\@types\\scheduler'
83 silly reify ]
84 silly reify moves {
84 silly reify   'C:\\Users\\Usuário\\Documents\\EBAC\\python\\Introdução ao Redux com React\\tarefa_modulo\\ebac_sports\\node_modules\\@types\\react': 'C:\\Users\\Usuário\\Documents\\EBAC\\python\\Introdução ao Redux com React\\tarefa_modulo\\ebac_sports\\node_modules\\@types\\.react-p39HwuEa',
84 silly reify   'C:\\Users\\Usuário\\Documents\\EBAC\\python\\Introdução ao Redux com React\\tarefa_modulo\\ebac_sports\\node_modules\\@types\\scheduler': 'C:\\Users\\Usuário\\Documents\\EBAC\\python\\Introdução ao Redux com React\\tarefa_modulo\\ebac_sports\\node_modules\\@types\\.scheduler-T3ngfX0Z'
84 silly reify }
85 silly audit bulk request {
85 silly audit   '@adobe/css-tools': [ '4.4.3' ],
85 silly audit   '@ampproject/remapping': [ '2.2.0' ],
85 silly audit   '@babel/code-frame': [ '7.27.1' ],
85 silly audit   '@babel/compat-data': [ '7.21.0' ],
85 silly audit   '@babel/core': [ '7.21.0' ],
85 silly audit   semver: [ '6.3.1', '7.7.2' ],
85 silly audit   '@babel/eslint-parser': [ '7.19.1' ],
85 silly audit   'eslint-visitor-keys': [ '2.1.0', '3.3.0' ],
85 silly audit   '@babel/generator': [ '7.27.5' ],
85 silly audit   '@jridgewell/gen-mapping': [ '0.3.8', '0.1.1' ],
85 silly audit   '@babel/helper-annotate-as-pure': [ '7.18.6' ],
85 silly audit   '@babel/helper-builder-binary-assignment-operator-visitor': [ '7.18.9' ],
85 silly audit   '@babel/helper-compilation-targets': [ '7.20.7' ],
85 silly audit   '@babel/helper-create-class-features-plugin': [ '7.21.0' ],
85 silly audit   '@babel/helper-create-regexp-features-plugin': [ '7.21.0' ],
85 silly audit   '@babel/helper-define-polyfill-provider': [ '0.3.3' ],
85 silly audit   '@babel/helper-environment-visitor': [ '7.18.9' ],
85 silly audit   '@babel/helper-explode-assignable-expression': [ '7.18.6' ],
85 silly audit   '@babel/helper-function-name': [ '7.21.0' ],
85 silly audit   '@babel/helper-hoist-variables': [ '7.18.6' ],
85 silly audit   '@babel/helper-member-expression-to-functions': [ '7.21.0' ],
85 silly audit   '@babel/helper-module-imports': [ '7.18.6' ],
85 silly audit   '@babel/helper-module-transforms': [ '7.21.0' ],
85 silly audit   '@babel/helper-optimise-call-expression': [ '7.18.6' ],
85 silly audit   '@babel/helper-plugin-utils': [ '7.20.2' ],
85 silly audit   '@babel/helper-remap-async-to-generator': [ '7.18.9' ],
85 silly audit   '@babel/helper-replace-supers': [ '7.20.7' ],
85 silly audit   '@babel/helper-simple-access': [ '7.20.2' ],
85 silly audit   '@babel/helper-skip-transparent-expression-wrappers': [ '7.20.0' ],
85 silly audit   '@babel/helper-split-export-declaration': [ '7.18.6' ],
85 silly audit   '@babel/helper-string-parser': [ '7.27.1' ],
85 silly audit   '@babel/helper-validator-identifier': [ '7.27.1' ],
85 silly audit   '@babel/helper-validator-option': [ '7.21.0' ],
85 silly audit   '@babel/helper-wrap-function': [ '7.20.5' ],
85 silly audit   '@babel/helpers': [ '7.27.6' ],
85 silly audit   '@babel/parser': [ '7.27.5' ],
85 silly audit   '@babel/plugin-bugfix-safari-id-destructuring-collision-in-function-expression': [ '7.18.6' ],
85 silly audit   '@babel/plugin-bugfix-v8-spread-parameters-in-optional-chaining': [ '7.20.7' ],
85 silly audit   '@babel/plugin-proposal-async-generator-functions': [ '7.20.7' ],
85 silly audit   '@babel/plugin-proposal-class-properties': [ '7.18.6' ],
85 silly audit   '@babel/plugin-proposal-class-static-block': [ '7.21.0' ],
85 silly audit   '@babel/plugin-proposal-decorators': [ '7.21.0' ],
85 silly audit   '@babel/plugin-proposal-dynamic-import': [ '7.18.6' ],
85 silly audit   '@babel/plugin-proposal-export-namespace-from': [ '7.18.9' ],
85 silly audit   '@babel/plugin-proposal-json-strings': [ '7.18.6' ],
85 silly audit   '@babel/plugin-proposal-logical-assignment-operators': [ '7.20.7' ],
85 silly audit   '@babel/plugin-proposal-nullish-coalescing-operator': [ '7.18.6' ],
85 silly audit   '@babel/plugin-proposal-numeric-separator': [ '7.18.6' ],
85 silly audit   '@babel/plugin-proposal-object-rest-spread': [ '7.20.7' ],
85 silly audit   '@babel/plugin-proposal-optional-catch-binding': [ '7.18.6' ],
85 silly audit   '@babel/plugin-proposal-optional-chaining': [ '7.21.0' ],
85 silly audit   '@babel/plugin-proposal-private-methods': [ '7.18.6' ],
85 silly audit   '@babel/plugin-proposal-private-property-in-object': [ '7.21.0' ],
85 silly audit   '@babel/plugin-proposal-unicode-property-regex': [ '7.18.6' ],
85 silly audit   '@babel/plugin-syntax-async-generators': [ '7.8.4' ],
85 silly audit   '@babel/plugin-syntax-bigint': [ '7.8.3' ],
85 silly audit   '@babel/plugin-syntax-class-properties': [ '7.12.13' ],
85 silly audit   '@babel/plugin-syntax-class-static-block': [ '7.14.5' ],
85 silly audit   '@babel/plugin-syntax-decorators': [ '7.21.0' ],
85 silly audit   '@babel/plugin-syntax-dynamic-import': [ '7.8.3' ],
85 silly audit   '@babel/plugin-syntax-export-namespace-from': [ '7.8.3' ],
85 silly audit   '@babel/plugin-syntax-flow': [ '7.18.6' ],
85 silly audit   '@babel/plugin-syntax-import-assertions': [ '7.20.0' ],
85 silly audit   '@babel/plugin-syntax-import-meta': [ '7.10.4' ],
85 silly audit   '@babel/plugin-syntax-json-strings': [ '7.8.3' ],
85 silly audit   '@babel/plugin-syntax-jsx': [ '7.18.6' ],
85 silly audit   '@babel/plugin-syntax-logical-assignment-operators': [ '7.10.4' ],
85 silly audit   '@babel/plugin-syntax-nullish-coalescing-operator': [ '7.8.3' ],
85 silly audit   '@babel/plugin-syntax-numeric-separator': [ '7.10.4' ],
85 silly audit   '@babel/plugin-syntax-object-rest-spread': [ '7.8.3' ],
85 silly audit   '@babel/plugin-syntax-optional-catch-binding': [ '7.8.3' ],
85 silly audit   '@babel/plugin-syntax-optional-chaining': [ '7.8.3' ],
85 silly audit   '@babel/plugin-syntax-private-property-in-object': [ '7.14.5' ],
85 silly audit   '@babel/plugin-syntax-top-level-await': [ '7.14.5' ],
85 silly audit   '@babel/plugin-syntax-typescript': [ '7.20.0' ],
85 silly audit   '@babel/plugin-transform-arrow-functions': [ '7.20.7' ],
85 silly audit   '@babel/plugin-transform-async-to-generator': [ '7.20.7' ],
85 silly audit   '@babel/plugin-transform-block-scoped-functions': [ '7.18.6' ],
85 silly audit   '@babel/plugin-transform-block-scoping': [ '7.21.0' ],
85 silly audit   '@babel/plugin-transform-classes': [ '7.21.0' ],
85 silly audit   '@babel/plugin-transform-computed-properties': [ '7.20.7' ],
85 silly audit   '@babel/plugin-transform-destructuring': [ '7.20.7' ],
85 silly audit   '@babel/plugin-transform-dotall-regex': [ '7.18.6' ],
85 silly audit   '@babel/plugin-transform-duplicate-keys': [ '7.18.9' ],
85 silly audit   '@babel/plugin-transform-exponentiation-operator': [ '7.18.6' ],
85 silly audit   '@babel/plugin-transform-flow-strip-types': [ '7.21.0' ],
85 silly audit   '@babel/plugin-transform-for-of': [ '7.21.0' ],
85 silly audit   '@babel/plugin-transform-function-name': [ '7.18.9' ],
85 silly audit   '@babel/plugin-transform-literals': [ '7.18.9' ],
85 silly audit   '@babel/plugin-transform-member-expression-literals': [ '7.18.6' ],
85 silly audit   '@babel/plugin-transform-modules-amd': [ '7.20.11' ],
85 silly audit   '@babel/plugin-transform-modules-commonjs': [ '7.20.11' ],
85 silly audit   '@babel/plugin-transform-modules-systemjs': [ '7.20.11' ],
85 silly audit   '@babel/plugin-transform-modules-umd': [ '7.18.6' ],
85 silly audit   '@babel/plugin-transform-named-capturing-groups-regex': [ '7.20.5' ],
85 silly audit   '@babel/plugin-transform-new-target': [ '7.18.6' ],
85 silly audit   '@babel/plugin-transform-object-super': [ '7.18.6' ],
85 silly audit   '@babel/plugin-transform-parameters': [ '7.20.7' ],
85 silly audit   '@babel/plugin-transform-property-literals': [ '7.18.6' ],
85 silly audit   '@babel/plugin-transform-react-constant-elements': [ '7.20.2' ],
85 silly audit   '@babel/plugin-transform-react-display-name': [ '7.18.6' ],
85 silly audit   '@babel/plugin-transform-react-jsx': [ '7.21.0' ],
85 silly audit   '@babel/plugin-transform-react-jsx-development': [ '7.18.6' ],
85 silly audit   '@babel/plugin-transform-react-pure-annotations': [ '7.18.6' ],
85 silly audit   '@babel/plugin-transform-regenerator': [ '7.20.5' ],
85 silly audit   '@babel/plugin-transform-reserved-words': [ '7.18.6' ],
85 silly audit   '@babel/plugin-transform-runtime': [ '7.21.0' ],
85 silly audit   '@babel/plugin-transform-shorthand-properties': [ '7.18.6' ],
85 silly audit   '@babel/plugin-transform-spread': [ '7.20.7' ],
85 silly audit   '@babel/plugin-transform-sticky-regex': [ '7.18.6' ],
85 silly audit   '@babel/plugin-transform-template-literals': [ '7.18.9' ],
85 silly audit   '@babel/plugin-transform-typeof-symbol': [ '7.18.9' ],
85 silly audit   '@babel/plugin-transform-typescript': [ '7.21.0' ],
85 silly audit   '@babel/plugin-transform-unicode-escapes': [ '7.18.10' ],
85 silly audit   '@babel/plugin-transform-unicode-regex': [ '7.18.6' ],
85 silly audit   '@babel/preset-env': [ '7.20.2' ],
85 silly audit   '@babel/preset-modules': [ '0.1.5' ],
85 silly audit   '@babel/preset-react': [ '7.18.6' ],
85 silly audit   '@babel/preset-typescript': [ '7.21.0' ],
85 silly audit   '@babel/regjsgen': [ '0.8.0' ],
85 silly audit   '@babel/runtime': [ '7.27.6' ],
85 silly audit   '@babel/template': [ '7.27.2' ],
85 silly audit   '@babel/traverse': [ '7.27.4' ],
85 silly audit   '@babel/types': [ '7.27.6' ],
85 silly audit   '@bcoe/v8-coverage': [ '0.2.3' ],
85 silly audit   '@csstools/normalize.css': [ '12.0.0' ],
85 silly audit   '@csstools/postcss-cascade-layers': [ '1.1.1' ],
85 silly audit   '@csstools/postcss-color-function': [ '1.1.1' ],
85 silly audit   '@csstools/postcss-font-format-keywords': [ '1.0.1' ],
85 silly audit   '@csstools/postcss-hwb-function': [ '1.0.2' ],
85 silly audit   '@csstools/postcss-ic-unit': [ '1.0.1' ],
85 silly audit   '@csstools/postcss-is-pseudo-class': [ '2.0.7' ],
85 silly audit   '@csstools/postcss-nested-calc': [ '1.0.0' ],
85 silly audit   '@csstools/postcss-normalize-display-values': [ '1.0.1' ],
85 silly audit   '@csstools/postcss-oklab-function': [ '1.1.1' ],
85 silly audit   '@csstools/postcss-progressive-custom-properties': [ '1.3.0' ],
85 silly audit   '@csstools/postcss-stepped-value-functions': [ '1.0.1' ],
85 silly audit   '@csstools/postcss-text-decoration-shorthand': [ '1.0.0' ],
85 silly audit   '@csstools/postcss-trigonometric-functions': [ '1.0.2' ],
85 silly audit   '@csstools/postcss-unset-value': [ '1.0.2' ],
85 silly audit   '@csstools/selector-specificity': [ '2.1.1' ],
85 silly audit   '@emotion/is-prop-valid': [ '1.2.0' ],
85 silly audit   '@emotion/memoize': [ '0.8.0' ],
85 silly audit   '@emotion/stylis': [ '0.8.5' ],
85 silly audit   '@emotion/unitless': [ '0.7.5' ],
85 silly audit   '@eslint/eslintrc': [ '1.4.1' ],
85 silly audit   argparse: [ '2.0.1', '1.0.10' ],
85 silly audit   globals: [ '13.20.0', '11.12.0' ],
85 silly audit   'js-yaml': [ '4.1.0', '3.14.1' ],
85 silly audit   'type-fest': [ '0.20.2', '0.16.0', '0.21.3' ],
85 silly audit   '@humanwhocodes/config-array': [ '0.11.8' ],
85 silly audit   '@humanwhocodes/module-importer': [ '1.0.1' ],
85 silly audit   '@humanwhocodes/object-schema': [ '1.2.1' ],
85 silly audit   '@istanbuljs/load-nyc-config': [ '1.1.0' ],
85 silly audit   camelcase: [ '5.3.1', '6.3.0' ],
85 silly audit   'find-up': [ '4.1.0', '5.0.0', '3.0.0' ],
85 silly audit   'locate-path': [ '5.0.0', '6.0.0', '3.0.0' ],
85 silly audit   'p-limit': [ '2.3.0', '3.1.0' ],
85 silly audit   'p-locate': [ '4.1.0', '5.0.0', '3.0.0' ],
85 silly audit   '@istanbuljs/schema': [ '0.1.3' ],
85 silly audit   '@jest/console': [ '27.5.1', '28.1.3' ],
85 silly audit   'ansi-styles': [ '4.3.0', '3.2.1', '5.2.0' ],
85 silly audit   chalk: [ '4.1.2', '3.0.0', '2.4.2' ],
85 silly audit   'color-convert': [ '2.0.1', '1.9.3' ],
85 silly audit   'color-name': [ '1.1.4', '1.1.3' ],
85 silly audit   'has-flag': [ '4.0.0', '3.0.0' ],
85 silly audit   'supports-color': [ '7.2.0', '8.1.1', '5.5.0' ],
85 silly audit   '@jest/core': [ '27.5.1' ],
85 silly audit   '@jest/environment': [ '27.5.1' ],
85 silly audit   '@jest/fake-timers': [ '27.5.1' ],
85 silly audit   '@jest/globals': [ '27.5.1' ],
85 silly audit   '@jest/reporters': [ '27.5.1' ],
85 silly audit   'source-map': [ '0.6.1', '0.7.4', '0.8.0-beta.0' ],
85 silly audit   '@jest/schemas': [ '28.1.3' ],
85 silly audit   '@jest/source-map': [ '27.5.1' ],
85 silly audit   '@jest/test-result': [ '27.5.1', '28.1.3' ],
85 silly audit   '@jest/test-sequencer': [ '27.5.1' ],
85 silly audit   '@jest/transform': [ '27.5.1' ],
85 silly audit   '@jest/types': [ '27.5.1', '28.1.3' ],
85 silly audit   '@jridgewell/resolve-uri': [ '3.1.0' ],
85 silly audit   '@jridgewell/set-array': [ '1.2.1' ],
85 silly audit   '@jridgewell/source-map': [ '0.3.6' ],
85 silly audit   '@jridgewell/sourcemap-codec': [ '1.4.14' ],
85 silly audit   '@jridgewell/trace-mapping': [ '0.3.25' ],
85 silly audit   '@leichtgewicht/ip-codec': [ '2.0.4' ],
85 silly audit   '@nicolo-ribaudo/eslint-scope-5-internals': [ '5.1.1-v1' ],
85 silly audit   'eslint-scope': [ '5.1.1', '7.1.1' ],
85 silly audit   estraverse: [ '4.3.0', '5.3.0' ],
85 silly audit   '@nodelib/fs.scandir': [ '2.1.5' ],
85 silly audit   '@nodelib/fs.stat': [ '2.0.5' ],
85 silly audit   '@nodelib/fs.walk': [ '1.2.8' ],
85 silly audit   '@pmmmwh/react-refresh-webpack-plugin': [ '0.5.16' ],
85 silly audit   ajv: [ '8.17.1', '6.12.6', '8.12.0' ],
85 silly audit   'ajv-keywords': [ '5.1.0', '3.5.2' ],
85 silly audit   'json-schema-traverse': [ '1.0.0', '0.4.1' ],
85 silly audit   'schema-utils': [ '4.3.2', '2.7.1', '4.0.0', '2.7.0', '3.1.1' ],
85 silly audit   '@rollup/plugin-babel': [ '5.3.1' ],
85 silly audit   '@rollup/plugin-node-resolve': [ '11.2.1' ],
85 silly audit   '@rollup/plugin-replace': [ '2.4.2' ],
85 silly audit   '@rollup/pluginutils': [ '3.1.0' ],
85 silly audit   '@types/estree': [ '0.0.39', '1.0.8' ],
85 silly audit   '@rushstack/eslint-patch': [ '1.2.0' ],
85 silly audit   '@sinclair/typebox': [ '0.24.51' ],
85 silly audit   '@sinonjs/commons': [ '1.8.6' ],
85 silly audit   '@sinonjs/fake-timers': [ '8.1.0' ],
85 silly audit   '@surma/rollup-plugin-off-main-thread': [ '2.2.3' ],
85 silly audit   '@svgr/babel-plugin-add-jsx-attribute': [ '5.4.0' ],
85 silly audit   '@svgr/babel-plugin-remove-jsx-attribute': [ '5.4.0' ],
85 silly audit   '@svgr/babel-plugin-remove-jsx-empty-expression': [ '5.0.1' ],
85 silly audit   '@svgr/babel-plugin-replace-jsx-attribute-value': [ '5.0.1' ],
85 silly audit   '@svgr/babel-plugin-svg-dynamic-title': [ '5.4.0' ],
85 silly audit   '@svgr/babel-plugin-svg-em-dimensions': [ '5.4.0' ],
85 silly audit   '@svgr/babel-plugin-transform-react-native-svg': [ '5.4.0' ],
85 silly audit   '@svgr/babel-plugin-transform-svg-component': [ '5.5.0' ],
85 silly audit   '@svgr/babel-preset': [ '5.5.0' ],
85 silly audit   '@svgr/core': [ '5.5.0' ],
85 silly audit   '@svgr/hast-util-to-babel-ast': [ '5.5.0' ],
85 silly audit   '@svgr/plugin-jsx': [ '5.5.0' ],
85 silly audit   '@svgr/plugin-svgo': [ '5.5.0' ],
85 silly audit   '@svgr/webpack': [ '5.5.0' ],
85 silly audit   '@testing-library/dom': [ '9.0.0', '8.20.0' ],
85 silly audit   '@testing-library/jest-dom': [ '5.16.5' ],
85 silly audit   '@testing-library/react': [ '13.4.0' ],
85 silly audit   '@testing-library/user-event': [ '13.5.0' ],
85 silly audit   '@tootallnate/once': [ '1.1.2' ],
85 silly audit   '@trysound/sax': [ '0.2.0' ],
85 silly audit   '@types/aria-query': [ '5.0.1' ],
85 silly audit   '@types/babel__core': [ '7.20.0' ],
85 silly audit   '@types/babel__generator': [ '7.6.4' ],
85 silly audit   '@types/babel__template': [ '7.4.1' ],
85 silly audit   '@types/babel__traverse': [ '7.18.3' ],
85 silly audit   '@types/body-parser': [ '1.19.2' ],
85 silly audit   '@types/bonjour': [ '3.5.10' ],
85 silly audit   '@types/connect': [ '3.4.35' ],
85 silly audit   '@types/connect-history-api-fallback': [ '1.3.5' ],
85 silly audit   '@types/eslint': [ '8.21.1' ],
85 silly audit   '@types/eslint-scope': [ '3.7.7' ],
85 silly audit   '@types/express': [ '4.17.17' ],
85 silly audit   '@types/express-serve-static-core': [ '4.17.33' ],
85 silly audit   '@types/graceful-fs': [ '4.1.6' ],
85 silly audit   '@types/hoist-non-react-statics': [ '3.3.1' ],
85 silly audit   '@types/html-minifier-terser': [ '6.1.0' ],
85 silly audit   '@types/http-proxy': [ '1.17.9' ],
85 silly audit   '@types/istanbul-lib-coverage': [ '2.0.4' ],
85 silly audit   '@types/istanbul-lib-report': [ '3.0.0' ],
85 silly audit   '@types/istanbul-reports': [ '3.0.1' ],
85 silly audit   '@types/jest': [ '27.5.2' ],
85 silly audit   '@types/json-schema': [ '7.0.15' ],
85 silly audit   '@types/json5': [ '0.0.29' ],
85 silly audit   '@types/mime': [ '3.0.1' ],
85 silly audit   '@types/node': [ '16.18.12' ],
85 silly audit   '@types/parse-json': [ '4.0.0' ],
85 silly audit   '@types/prettier': [ '2.7.2' ],
85 silly audit   '@types/prop-types': [ '15.7.5' ],
85 silly audit   '@types/q': [ '1.5.5' ],
85 silly audit   '@types/qs': [ '6.9.7' ],
85 silly audit   '@types/range-parser': [ '1.2.4' ],
85 silly audit   '@types/react-dom': [ '18.0.11' ],
85 silly audit   '@types/resolve': [ '1.17.1' ],
85 silly audit   '@types/retry': [ '0.12.0' ],
85 silly audit   '@types/semver': [ '7.3.13' ],
85 silly audit   '@types/serve-index': [ '1.9.1' ],
85 silly audit   '@types/serve-static': [ '1.15.0' ],
85 silly audit   '@types/sockjs': [ '0.3.33' ],
85 silly audit   '@types/stack-utils': [ '2.0.1' ],
85 silly audit   '@types/styled-components': [ '5.1.26' ],
85 silly audit   '@types/testing-library__jest-dom': [ '5.14.5' ],
85 silly audit   '@types/trusted-types': [ '2.0.3' ],
85 silly audit   '@types/ws': [ '8.18.1' ],
85 silly audit   '@types/yargs': [ '16.0.5', '17.0.22' ],
85 silly audit   '@types/yargs-parser': [ '21.0.0' ],
85 silly audit   '@typescript-eslint/eslint-plugin': [ '5.53.0' ],
85 silly audit   '@typescript-eslint/experimental-utils': [ '5.53.0' ],
85 silly audit   '@typescript-eslint/parser': [ '5.53.0' ],
85 silly audit   '@typescript-eslint/scope-manager': [ '5.53.0' ],
85 silly audit   '@typescript-eslint/type-utils': [ '5.53.0' ],
85 silly audit   '@typescript-eslint/types': [ '5.53.0' ],
85 silly audit   '@typescript-eslint/typescript-estree': [ '5.53.0' ],
85 silly audit   '@typescript-eslint/utils': [ '5.53.0' ],
85 silly audit   '@typescript-eslint/visitor-keys': [ '5.53.0' ],
85 silly audit   '@webassemblyjs/ast': [ '1.14.1' ],
85 silly audit   '@webassemblyjs/floating-point-hex-parser': [ '1.13.2' ],
85 silly audit   '@webassemblyjs/helper-api-error': [ '1.13.2' ],
85 silly audit   '@webassemblyjs/helper-buffer': [ '1.14.1' ],
85 silly audit   '@webassemblyjs/helper-numbers': [ '1.13.2' ],
85 silly audit   '@webassemblyjs/helper-wasm-bytecode': [ '1.13.2' ],
85 silly audit   '@webassemblyjs/helper-wasm-section': [ '1.14.1' ],
85 silly audit   '@webassemblyjs/ieee754': [ '1.13.2' ],
85 silly audit   '@webassemblyjs/leb128': [ '1.13.2' ],
85 silly audit   '@webassemblyjs/utf8': [ '1.13.2' ],
85 silly audit   '@webassemblyjs/wasm-edit': [ '1.14.1' ],
85 silly audit   '@webassemblyjs/wasm-gen': [ '1.14.1' ],
85 silly audit   '@webassemblyjs/wasm-opt': [ '1.14.1' ],
85 silly audit   '@webassemblyjs/wasm-parser': [ '1.14.1' ],
85 silly audit   '@webassemblyjs/wast-printer': [ '1.14.1' ],
85 silly audit   '@xtuc/ieee754': [ '1.2.0' ],
85 silly audit   '@xtuc/long': [ '4.2.2' ],
85 silly audit   abab: [ '2.0.6' ],
85 silly audit   accepts: [ '1.3.8' ],
85 silly audit   acorn: [ '8.15.0', '7.4.1' ],
85 silly audit   'acorn-globals': [ '6.0.0' ],
85 silly audit   'acorn-jsx': [ '5.3.2' ],
85 silly audit   'acorn-node': [ '1.8.2' ],
85 silly audit   'acorn-walk': [ '7.2.0' ],
85 silly audit   address: [ '1.2.2' ],
85 silly audit   'adjust-sourcemap-loader': [ '4.0.0' ],
85 silly audit   'agent-base': [ '6.0.2' ],
85 silly audit   'ajv-formats': [ '2.1.1' ],
85 silly audit   'ansi-escapes': [ '4.3.2' ],
85 silly audit   'ansi-html': [ '0.0.9' ],
85 silly audit   'ansi-html-community': [ '0.0.8' ],
85 silly audit   'ansi-regex': [ '5.0.1', '6.0.1' ],
85 silly audit   anymatch: [ '3.1.3' ],
85 silly audit   arg: [ '5.0.2' ],
85 silly audit   'aria-query': [ '5.1.3' ],
85 silly audit   'array-flatten': [ '2.1.2', '1.1.1' ],
85 silly audit   'array-includes': [ '3.1.6' ],
85 silly audit   'array-union': [ '2.1.0' ],
85 silly audit   'array.prototype.flat': [ '1.3.1' ],
85 silly audit   'array.prototype.flatmap': [ '1.3.1' ],
85 silly audit   'array.prototype.reduce': [ '1.0.5' ],
85 silly audit   'array.prototype.tosorted': [ '1.1.1' ],
85 silly audit   asap: [ '2.0.6' ],
85 silly audit   'ast-types-flow': [ '0.0.7' ],
85 silly audit   async: [ '3.2.4' ],
85 silly audit   asynckit: [ '0.4.0' ],
85 silly audit   'at-least-node': [ '1.0.0' ],
85 silly audit   autoprefixer: [ '10.4.13' ],
85 silly audit   'available-typed-arrays': [ '1.0.5' ],
85 silly audit   'axe-core': [ '4.6.3' ],
85 silly audit   'axobject-query': [ '3.1.1' ],
85 silly audit   'babel-jest': [ '27.5.1' ],
85 silly audit   'babel-loader': [ '8.3.0' ],
85 silly audit   'babel-plugin-istanbul': [ '6.1.1' ],
85 silly audit   'babel-plugin-jest-hoist': [ '27.5.1' ],
85 silly audit   'babel-plugin-macros': [ '3.1.0' ],
85 silly audit   'babel-plugin-named-asset-import': [ '0.3.8' ],
85 silly audit   'babel-plugin-polyfill-corejs2': [ '0.3.3' ],
85 silly audit   'babel-plugin-polyfill-corejs3': [ '0.6.0' ],
85 silly audit   'babel-plugin-polyfill-regenerator': [ '0.4.1' ],
85 silly audit   'babel-plugin-styled-components': [ '2.0.7' ],
85 silly audit   'babel-plugin-syntax-jsx': [ '6.18.0' ],
85 silly audit   'babel-plugin-transform-react-remove-prop-types': [ '0.4.24' ],
85 silly audit   'babel-preset-current-node-syntax': [ '1.0.1' ],
85 silly audit   'babel-preset-jest': [ '27.5.1' ],
85 silly audit   'babel-preset-react-app': [ '10.0.1' ],
85 silly audit   'balanced-match': [ '1.0.2' ],
85 silly audit   batch: [ '0.6.1' ],
85 silly audit   bfj: [ '7.0.2' ],
85 silly audit   'big.js': [ '5.2.2' ],
85 silly audit   'binary-extensions': [ '2.2.0' ],
85 silly audit   bluebird: [ '3.7.2' ],
85 silly audit   'body-parser': [ '1.20.3' ],
85 silly audit   bytes: [ '3.1.2', '3.0.0' ],
85 silly audit   debug: [ '2.6.9', '4.3.4', '3.2.7' ],
85 silly audit   'iconv-lite': [ '0.4.24', '0.6.3' ],
85 silly audit   ms: [ '2.0.0', '2.1.2', '2.1.3' ],
85 silly audit   'bonjour-service': [ '1.1.0' ],
85 silly audit   boolbase: [ '1.0.0' ],
85 silly audit   'brace-expansion': [ '1.1.12', '2.0.2' ],
85 silly audit   braces: [ '3.0.3' ],
85 silly audit   'browser-process-hrtime': [ '1.0.0' ],
85 silly audit   browserslist: [ '4.25.0' ],
85 silly audit   bser: [ '2.1.1' ],
85 silly audit   'buffer-from': [ '1.1.2' ],
85 silly audit   'builtin-modules': [ '3.3.0' ],
85 silly audit   'call-bind': [ '1.0.2' ],
85 silly audit   'call-bind-apply-helpers': [ '1.0.2' ],
85 silly audit   'call-bound': [ '1.0.4' ],
85 silly audit   callsites: [ '3.1.0' ],
85 silly audit   'camel-case': [ '4.1.2' ],
85 silly audit   'camelcase-css': [ '2.0.1' ],
85 silly audit   camelize: [ '1.0.1' ],
85 silly audit   'caniuse-api': [ '3.0.0' ],
85 silly audit   'caniuse-lite': [ '1.0.30001723' ],
85 silly audit   'case-sensitive-paths-webpack-plugin': [ '2.4.0' ],
85 silly audit   'char-regex': [ '1.0.2', '2.0.1' ],
85 silly audit   'check-types': [ '11.2.2' ],
85 silly audit   chokidar: [ '3.5.3' ],
85 silly audit   'glob-parent': [ '5.1.2', '6.0.2' ],
85 silly audit   'chrome-trace-event': [ '1.0.3' ],
85 silly audit   'ci-info': [ '3.8.0' ],
85 silly audit   'cjs-module-lexer': [ '1.2.2' ],
85 silly audit   'clean-css': [ '5.3.2' ],
85 silly audit   cliui: [ '7.0.4' ],
85 silly audit   co: [ '4.6.0' ],
85 silly audit   coa: [ '2.0.2' ],
85 silly audit   'collect-v8-coverage': [ '1.0.1' ],
85 silly audit   colord: [ '2.9.3' ],
85 silly audit   colorette: [ '2.0.20' ],
85 silly audit   'combined-stream': [ '1.0.8' ],
85 silly audit   commander: [ '8.3.0', '7.2.0', '2.20.3' ],
85 silly audit   'common-tags': [ '1.8.2' ],
85 silly audit   commondir: [ '1.0.1' ],
85 silly audit   compressible: [ '2.0.18' ],
85 silly audit   compression: [ '1.7.4' ],
85 silly audit   'safe-buffer': [ '5.1.2', '5.2.1' ],
85 silly audit   'concat-map': [ '0.0.1' ],
85 silly audit   'confusing-browser-globals': [ '1.0.11' ],
85 silly audit   'connect-history-api-fallback': [ '2.0.0' ],
85 silly audit   'content-disposition': [ '0.5.4' ],
85 silly audit   'content-type': [ '1.0.5' ],
85 silly audit   'convert-source-map': [ '1.9.0' ],
85 silly audit   cookie: [ '0.7.1' ],
85 silly audit   'cookie-signature': [ '1.0.6' ],
85 silly audit   'core-js': [ '3.28.0' ],
85 silly audit   'core-js-compat': [ '3.28.0' ],
85 silly audit   'core-js-pure': [ '3.28.0' ],
85 silly audit   'core-util-is': [ '1.0.3' ],
85 silly audit   cosmiconfig: [ '7.1.0', '6.0.0' ],
85 silly audit   'cross-spawn': [ '7.0.6' ],
85 silly audit   'crypto-random-string': [ '2.0.0' ],
85 silly audit   'css-blank-pseudo': [ '3.0.3' ],
85 silly audit   'css-color-keywords': [ '1.0.0' ],
85 silly audit   'css-declaration-sorter': [ '6.3.1' ],
85 silly audit   'css-has-pseudo': [ '3.0.4' ],
85 silly audit   'css-loader': [ '6.7.3' ],
85 silly audit   'css-minimizer-webpack-plugin': [ '3.4.1' ],
85 silly audit   'css-prefers-color-scheme': [ '6.0.3' ],
85 silly audit   'css-select': [ '4.3.0', '2.1.0' ],
85 silly audit   'css-select-base-adapter': [ '0.1.1' ],
85 silly audit   'css-to-react-native': [ '3.2.0' ],
85 silly audit   'css-tree': [ '1.0.0-alpha.37', '1.1.3' ],
85 silly audit   'css-what': [ '6.1.0', '3.4.2' ],
85 silly audit   'css.escape': [ '1.5.1' ],
85 silly audit   cssdb: [ '7.4.1' ],
85 silly audit   cssesc: [ '3.0.0' ],
85 silly audit   cssnano: [ '5.1.15' ],
85 silly audit   'cssnano-preset-default': [ '5.2.14' ],
85 silly audit   'cssnano-utils': [ '3.1.0' ],
85 silly audit   csso: [ '4.2.0' ],
85 silly audit   'mdn-data': [ '2.0.14', '2.0.4' ],
85 silly audit   cssom: [ '0.4.4', '0.3.8' ],
85 silly audit   cssstyle: [ '2.3.0' ],
85 silly audit   csstype: [ '3.1.1' ],
85 silly audit   'damerau-levenshtein': [ '1.0.8' ],
85 silly audit   'data-urls': [ '2.0.0' ],
85 silly audit   'decimal.js': [ '10.4.3' ],
85 silly audit   dedent: [ '0.7.0' ],
85 silly audit   'deep-equal': [ '2.2.0' ],
85 silly audit   'deep-is': [ '0.1.4' ],
85 silly audit   deepmerge: [ '4.3.0' ],
85 silly audit   'default-gateway': [ '6.0.3' ],
85 silly audit   'define-lazy-prop': [ '2.0.0' ],
85 silly audit   'define-properties': [ '1.2.0' ],
85 silly audit   defined: [ '1.0.1' ],
85 silly audit   'delayed-stream': [ '1.0.0' ],
85 silly audit   depd: [ '2.0.0', '1.1.2' ],
85 silly audit   destroy: [ '1.2.0' ],
85 silly audit   'detect-newline': [ '3.1.0' ],
85 silly audit   'detect-node': [ '2.1.0' ],
85 silly audit   'detect-port-alt': [ '1.1.6' ],
85 silly audit   detective: [ '5.2.1' ],
85 silly audit   didyoumean: [ '1.2.2' ],
85 silly audit   'diff-sequences': [ '27.5.1' ],
85 silly audit   'dir-glob': [ '3.0.1' ],
85 silly audit   dlv: [ '1.1.3' ],
85 silly audit   'dns-equal': [ '1.0.0' ],
85 silly audit   'dns-packet': [ '5.4.0' ],
85 silly audit   doctrine: [ '3.0.0', '2.1.0' ],
85 silly audit   'dom-accessibility-api': [ '0.5.16' ],
85 silly audit   'dom-converter': [ '0.2.0' ],
85 silly audit   'dom-serializer': [ '1.4.1', '0.2.2' ],
85 silly audit   domelementtype: [ '2.3.0', '1.3.1' ],
85 silly audit   domexception: [ '2.0.1' ],
85 silly audit   'webidl-conversions': [ '5.0.0', '6.1.0', '4.0.2' ],
85 silly audit   domhandler: [ '4.3.1' ],
85 silly audit   domutils: [ '2.8.0', '1.7.0' ],
85 silly audit   'dot-case': [ '3.0.4' ],
85 silly audit   dotenv: [ '10.0.0' ],
85 silly audit   'dotenv-expand': [ '5.1.0' ],
85 silly audit   'dunder-proto': [ '1.0.1' ],
85 silly audit   duplexer: [ '0.1.2' ],
85 silly audit   'ee-first': [ '1.1.1' ],
85 silly audit   ejs: [ '3.1.10' ],
85 silly audit   'electron-to-chromium': [ '1.5.169' ],
85 silly audit   emittery: [ '0.8.1', '0.10.2' ],
85 silly audit   'emoji-regex': [ '9.2.2', '8.0.0' ],
85 silly audit   'emojis-list': [ '3.0.0' ],
85 silly audit   encodeurl: [ '2.0.0', '1.0.2' ],
85 silly audit   'enhanced-resolve': [ '5.18.1' ],
85 silly audit   entities: [ '2.2.0' ],
85 silly audit   'error-ex': [ '1.3.2' ],
85 silly audit   'error-stack-parser': [ '2.1.4' ],
85 silly audit   'es-abstract': [ '1.21.1' ],
85 silly audit   'es-array-method-boxes-properly': [ '1.0.0' ],
85 silly audit   'es-define-property': [ '1.0.1' ],
85 silly audit   'es-errors': [ '1.3.0' ],
85 silly audit   'es-get-iterator': [ '1.1.3' ],
85 silly audit   'es-module-lexer': [ '1.7.0' ],
85 silly audit   'es-object-atoms': [ '1.1.1' ],
85 silly audit   'es-set-tostringtag': [ '2.0.1' ],
85 silly audit   'es-shim-unscopables': [ '1.0.0' ],
85 silly audit   'es-to-primitive': [ '1.2.1' ],
85 silly audit   escalade: [ '3.2.0' ],
85 silly audit   'escape-html': [ '1.0.3' ],
85 silly audit   'escape-string-regexp': [ '1.0.5', '4.0.0', '2.0.0' ],
85 silly audit   escodegen: [ '2.0.0' ],
85 silly audit   levn: [ '0.3.0', '0.4.1' ],
85 silly audit   optionator: [ '0.8.3', '0.9.1' ],
85 silly audit   'prelude-ls': [ '1.1.2', '1.2.1' ],
85 silly audit   'type-check': [ '0.3.2', '0.4.0' ],
85 silly audit   eslint: [ '8.34.0' ],
85 silly audit   'eslint-config-prettier': [ '8.6.0' ],
85 silly audit   'eslint-config-react-app': [ '7.0.1' ],
85 silly audit   'eslint-import-resolver-node': [ '0.3.7' ],
85 silly audit   'eslint-module-utils': [ '2.7.4' ],
85 silly audit   'eslint-plugin-flowtype': [ '8.0.3' ],
85 silly audit   'eslint-plugin-import': [ '2.27.5' ],
85 silly audit   'eslint-plugin-jest': [ '25.7.0' ],
85 silly audit   'eslint-plugin-jsx-a11y': [ '6.7.1' ],
85 silly audit   'eslint-plugin-prettier': [ '4.2.1' ],
85 silly audit   'eslint-plugin-react': [ '7.32.2' ],
85 silly audit   'eslint-plugin-react-hooks': [ '4.6.0' ],
85 silly audit   resolve: [ '2.0.0-next.4', '1.22.1' ],
85 silly audit   'eslint-plugin-testing-library': [ '5.10.2' ],
85 silly audit   'eslint-utils': [ '3.0.0' ],
85 silly audit   'eslint-webpack-plugin': [ '3.2.0' ],
85 silly audit   'jest-worker': [ '28.1.3', '27.5.1', '26.6.2' ],
85 silly audit   espree: [ '9.4.1' ],
85 silly audit   esprima: [ '4.0.1' ],
85 silly audit   esquery: [ '1.4.2' ],
85 silly audit   esrecurse: [ '4.3.0' ],
85 silly audit   'estree-walker': [ '1.0.1' ],
85 silly audit   esutils: [ '2.0.3' ],
85 silly audit   etag: [ '1.8.1' ],
85 silly audit   eventemitter3: [ '4.0.7' ],
85 silly audit   events: [ '3.3.0' ],
85 silly audit   execa: [ '5.1.1' ],
85 silly audit   exit: [ '0.1.2' ],
85 silly audit   expect: [ '27.5.1' ],
85 silly audit   express: [ '4.21.2' ],
85 silly audit   'fast-deep-equal': [ '3.1.3' ],
85 silly audit   'fast-diff': [ '1.2.0' ],
85 silly audit   'fast-glob': [ '3.2.12' ],
85 silly audit   'fast-json-stable-stringify': [ '2.1.0' ],
85 silly audit   'fast-levenshtein': [ '2.0.6' ],
85 silly audit   'fast-uri': [ '3.0.6' ],
85 silly audit   fastq: [ '1.15.0' ],
85 silly audit   'faye-websocket': [ '0.11.4' ],
85 silly audit   'fb-watchman': [ '2.0.2' ],
85 silly audit   'file-entry-cache': [ '6.0.1' ],
85 silly audit   'file-loader': [ '6.2.0' ],
85 silly audit   filelist: [ '1.0.4' ],
85 silly audit   minimatch: [ '5.1.6', '3.1.2' ],
85 silly audit   filesize: [ '8.0.7' ],
85 silly audit   'fill-range': [ '7.1.1' ],
85 silly audit   finalhandler: [ '1.3.1' ],
85 silly audit   'find-cache-dir': [ '3.3.2' ],
85 silly audit   'flat-cache': [ '3.0.4' ],
85 silly audit   flatted: [ '3.2.7' ],
85 silly audit   'follow-redirects': [ '1.15.9' ],
85 silly audit   'for-each': [ '0.3.3' ],
85 silly audit   'fork-ts-checker-webpack-plugin': [ '6.5.2' ],
85 silly audit   'fs-extra': [ '9.1.0', '10.1.0' ],
85 silly audit   tapable: [ '1.1.3', '2.2.1' ],
85 silly audit   'form-data': [ '3.0.1' ],
85 silly audit   forwarded: [ '0.2.0' ],
85 silly audit   'fraction.js': [ '4.2.0' ],
85 silly audit   fresh: [ '0.5.2' ],
85 silly audit   'fs-monkey': [ '1.0.3' ],
85 silly audit   'fs.realpath': [ '1.0.0' ],
85 silly audit   fsevents: [ '2.3.2' ],
85 silly audit   'function-bind': [ '1.1.2' ],
85 silly audit   'function.prototype.name': [ '1.1.5' ],
85 silly audit   'functions-have-names': [ '1.2.3' ],
85 silly audit   gensync: [ '1.0.0-beta.2' ],
85 silly audit   'get-caller-file': [ '2.0.5' ],
85 silly audit   'get-intrinsic': [ '1.3.0' ],
85 silly audit   'get-own-enumerable-property-symbols': [ '3.0.2' ],
85 silly audit   'get-package-type': [ '0.1.0' ],
85 silly audit   'get-proto': [ '1.0.1' ],
85 silly audit   'get-stream': [ '6.0.1' ],
85 silly audit   'get-symbol-description': [ '1.0.0' ],
85 silly audit   glob: [ '7.2.3' ],
85 silly audit   'glob-to-regexp': [ '0.4.1' ],
85 silly audit   'global-modules': [ '2.0.0' ],
85 silly audit   'global-prefix': [ '3.0.0' ],
85 silly audit   which: [ '1.3.1', '2.0.2' ],
85 silly audit   globalthis: [ '1.0.3' ],
85 silly audit   globby: [ '11.1.0' ],
85 silly audit   gopd: [ '1.2.0' ],
85 silly audit   'graceful-fs': [ '4.2.11' ],
85 silly audit   'grapheme-splitter': [ '1.0.4' ],
85 silly audit   'gzip-size': [ '6.0.0' ],
85 silly audit   'handle-thing': [ '2.0.1' ],
85 silly audit   'harmony-reflect': [ '1.6.2' ],
85 silly audit   has: [ '1.0.3' ],
85 silly audit   'has-bigints': [ '1.0.2' ],
85 silly audit   'has-property-descriptors': [ '1.0.0' ],
85 silly audit   'has-proto': [ '1.0.1' ],
85 silly audit   'has-symbols': [ '1.1.0' ],
85 silly audit   'has-tostringtag': [ '1.0.0' ],
85 silly audit   hasown: [ '2.0.2' ],
85 silly audit   he: [ '1.2.0' ],
85 silly audit   'hoist-non-react-statics': [ '3.3.2' ],
85 silly audit   'react-is': [ '16.13.1', '18.2.0', '17.0.2' ],
85 silly audit   hoopy: [ '0.1.4' ],
85 silly audit   'hpack.js': [ '2.1.6' ],
85 silly audit   isarray: [ '1.0.0', '2.0.5' ],
85 silly audit   'readable-stream': [ '2.3.7', '3.6.0' ],
85 silly audit   string_decoder: [ '1.1.1', '1.3.0' ],
85 silly audit   'html-encoding-sniffer': [ '2.0.1' ],
85 silly audit   'html-entities': [ '2.3.3' ],
85 silly audit   'html-escaper': [ '2.0.2' ],
85 silly audit   'html-minifier-terser': [ '6.1.0' ],
85 silly audit   'html-webpack-plugin': [ '5.5.0' ],
85 silly audit   htmlparser2: [ '6.1.0' ],
85 silly audit   'http-deceiver': [ '1.2.7' ],
85 silly audit   'http-errors': [ '2.0.0', '1.6.3' ],
85 silly audit   'http-parser-js': [ '0.5.8' ],
85 silly audit   'http-proxy': [ '1.18.1' ],
85 silly audit   'http-proxy-agent': [ '4.0.1' ],
85 silly audit   'http-proxy-middleware': [ '2.0.9' ],
85 silly audit   'https-proxy-agent': [ '5.0.1' ],
85 silly audit   'human-signals': [ '2.1.0' ],
85 silly audit   'icss-utils': [ '5.1.0' ],
85 silly audit   idb: [ '7.1.1' ],
85 silly audit   'identity-obj-proxy': [ '3.0.0' ],
85 silly audit   ignore: [ '5.2.4' ],
85 silly audit   immer: [ '9.0.19', '10.1.1' ],
85 silly audit   'import-fresh': [ '3.3.0' ],
85 silly audit   'resolve-from': [ '4.0.0', '5.0.0' ],
85 silly audit   'import-local': [ '3.1.0' ],
85 silly audit   imurmurhash: [ '0.1.4' ],
85 silly audit   'indent-string': [ '4.0.0' ],
85 silly audit   inflight: [ '1.0.6' ],
85 silly audit   inherits: [ '2.0.4', '2.0.3' ],
85 silly audit   ini: [ '1.3.8' ],
85 silly audit   'internal-slot': [ '1.0.5' ],
85 silly audit   'ipaddr.js': [ '2.0.1', '1.9.1' ],
85 silly audit   'is-arguments': [ '1.1.1' ],
85 silly audit   'is-array-buffer': [ '3.0.1' ],
85 silly audit   'is-arrayish': [ '0.2.1' ],
85 silly audit   'is-bigint': [ '1.0.4' ],
85 silly audit   'is-binary-path': [ '2.1.0' ],
85 silly audit   'is-boolean-object': [ '1.1.2' ],
85 silly audit   'is-callable': [ '1.2.7' ],
85 silly audit   'is-core-module': [ '2.11.0' ],
85 silly audit   'is-date-object': [ '1.0.5' ],
85 silly audit   'is-docker': [ '2.2.1' ],
85 silly audit   'is-extglob': [ '2.1.1' ],
85 silly audit   'is-fullwidth-code-point': [ '3.0.0' ],
85 silly audit   'is-generator-fn': [ '2.1.0' ],
85 silly audit   'is-glob': [ '4.0.3' ],
85 silly audit   'is-map': [ '2.0.2' ],
85 silly audit   'is-module': [ '1.0.0' ],
85 silly audit   'is-negative-zero': [ '2.0.2' ],
85 silly audit   'is-number': [ '7.0.0' ],
85 silly audit   'is-number-object': [ '1.0.7' ],
85 silly audit   'is-obj': [ '1.0.1' ],
85 silly audit   'is-path-inside': [ '3.0.3' ],
85 silly audit   'is-plain-obj': [ '3.0.0' ],
85 silly audit   'is-potential-custom-element-name': [ '1.0.1' ],
85 silly audit   'is-regex': [ '1.1.4' ],
85 silly audit   'is-regexp': [ '1.0.0' ],
85 silly audit   'is-root': [ '2.1.0' ],
85 silly audit   'is-set': [ '2.0.2' ],
85 silly audit   'is-shared-array-buffer': [ '1.0.2' ],
85 silly audit   'is-stream': [ '2.0.1' ],
85 silly audit   'is-string': [ '1.0.7' ],
85 silly audit   'is-symbol': [ '1.0.4' ],
85 silly audit   'is-typed-array': [ '1.1.10' ],
85 silly audit   'is-typedarray': [ '1.0.0' ],
85 silly audit   'is-weakmap': [ '2.0.1' ],
85 silly audit   'is-weakref': [ '1.0.2' ],
85 silly audit   'is-weakset': [ '2.0.2' ],
85 silly audit   'is-wsl': [ '2.2.0' ],
85 silly audit   isexe: [ '2.0.0' ],
85 silly audit   'istanbul-lib-coverage': [ '3.2.0' ],
85 silly audit   'istanbul-lib-instrument': [ '5.2.1' ],
85 silly audit   'istanbul-lib-report': [ '3.0.0' ],
85 silly audit   'istanbul-lib-source-maps': [ '4.0.1' ],
85 silly audit   'istanbul-reports': [ '3.1.5' ],
85 silly audit   jake: [ '10.8.5' ],
85 silly audit   jest: [ '27.5.1' ],
85 silly audit   'jest-changed-files': [ '27.5.1' ],
85 silly audit   'jest-circus': [ '27.5.1' ],
85 silly audit   'jest-cli': [ '27.5.1' ],
85 silly audit   'jest-config': [ '27.5.1' ],
85 silly audit   'jest-diff': [ '27.5.1' ],
85 silly audit   'jest-docblock': [ '27.5.1' ],
85 silly audit   'jest-each': [ '27.5.1' ],
85 silly audit   'jest-environment-jsdom': [ '27.5.1' ],
85 silly audit   'jest-environment-node': [ '27.5.1' ],
85 silly audit   'jest-get-type': [ '27.5.1' ],
85 silly audit   'jest-haste-map': [ '27.5.1' ],
85 silly audit   'jest-jasmine2': [ '27.5.1' ],
85 silly audit   'jest-leak-detector': [ '27.5.1' ],
85 silly audit   'jest-matcher-utils': [ '27.5.1' ],
85 silly audit   'jest-message-util': [ '27.5.1', '28.1.3' ],
85 silly audit   'jest-mock': [ '27.5.1' ],
85 silly audit   'jest-pnp-resolver': [ '1.2.3' ],
85 silly audit   'jest-regex-util': [ '27.5.1', '28.0.2' ],
85 silly audit   'jest-resolve': [ '27.5.1' ],
85 silly audit   'jest-resolve-dependencies': [ '27.5.1' ],
85 silly audit   'jest-runner': [ '27.5.1' ],
85 silly audit   'jest-runtime': [ '27.5.1' ],
85 silly audit   'jest-serializer': [ '27.5.1' ],
85 silly audit   'jest-snapshot': [ '27.5.1' ],
85 silly audit   'jest-util': [ '27.5.1', '28.1.3' ],
85 silly audit   'jest-validate': [ '27.5.1' ],
85 silly audit   'jest-watch-typeahead': [ '1.1.0' ],
85 silly audit   slash: [ '3.0.0', '4.0.0' ],
85 silly audit   'jest-watcher': [ '28.1.3', '27.5.1' ],
85 silly audit   'string-length': [ '4.0.2', '5.0.1' ],
85 silly audit   'strip-ansi': [ '6.0.1', '7.0.1' ],
85 silly audit   'pretty-format': [ '28.1.3', '27.5.1' ],
85 silly audit   'js-sdsl': [ '4.3.0' ],
85 silly audit   'js-tokens': [ '4.0.0' ],
85 silly audit   jsdom: [ '16.7.0' ],
85 silly audit   jsesc: [ '3.1.0', '0.5.0' ],
85 silly audit   'json-parse-even-better-errors': [ '2.3.1' ],
85 silly audit   'json-schema': [ '0.4.0' ],
85 silly audit   'json-stable-stringify-without-jsonify': [ '1.0.1' ],
85 silly audit   json5: [ '2.2.3', '1.0.2' ],
85 silly audit   jsonfile: [ '6.1.0' ],
85 silly audit   jsonpointer: [ '5.0.1' ],
85 silly audit   'jsx-ast-utils': [ '3.3.3' ],
85 silly audit   'kind-of': [ '6.0.3' ],
85 silly audit   kleur: [ '3.0.3' ],
85 silly audit   klona: [ '2.0.6' ],
85 silly audit   'language-subtag-registry': [ '0.3.22' ],
85 silly audit   'language-tags': [ '1.0.5' ],
85 silly audit   'launch-editor': [ '2.10.0' ],
85 silly audit   leven: [ '3.1.0' ],
85 silly audit   lilconfig: [ '2.0.6' ],
85 silly audit   'lines-and-columns': [ '1.2.4' ],
85 silly audit   'loader-runner': [ '4.3.0' ],
85 silly audit   'loader-utils': [ '2.0.4', '3.2.1' ],
85 silly audit   lodash: [ '4.17.21' ],
85 silly audit   'lodash.debounce': [ '4.0.8' ],
85 silly audit   'lodash.memoize': [ '4.1.2' ],
85 silly audit   'lodash.merge': [ '4.6.2' ],
85 silly audit   'lodash.sortby': [ '4.7.0' ],
85 silly audit   'lodash.uniq': [ '4.5.0' ],
85 silly audit   'loose-envify': [ '1.4.0' ],
85 silly audit   'lower-case': [ '2.0.2' ],
85 silly audit   'lru-cache': [ '5.1.1' ],
85 silly audit   'lz-string': [ '1.4.4' ],
85 silly audit   'magic-string': [ '0.25.9' ],
85 silly audit   'make-dir': [ '3.1.0' ],
85 silly audit   makeerror: [ '1.0.12' ],
85 silly audit   'math-intrinsics': [ '1.1.0' ],
85 silly audit   'media-typer': [ '0.3.0' ],
85 silly audit   memfs: [ '3.4.13' ],
85 silly audit   'merge-descriptors': [ '1.0.3' ],
85 silly audit   'merge-stream': [ '2.0.0' ],
85 silly audit   merge2: [ '1.4.1' ],
85 silly audit   methods: [ '1.1.2' ],
85 silly audit   micromatch: [ '4.0.8' ],
85 silly audit   mime: [ '1.6.0' ],
85 silly audit   'mime-db': [ '1.52.0' ],
85 silly audit   'mime-types': [ '2.1.35' ],
85 silly audit   'mimic-fn': [ '2.1.0' ],
85 silly audit   'min-indent': [ '1.0.1' ],
85 silly audit   'mini-css-extract-plugin': [ '2.7.2' ],
85 silly audit   'minimalistic-assert': [ '1.0.1' ],
85 silly audit   minimist: [ '1.2.8' ],
85 silly audit   mkdirp: [ '0.5.6' ],
85 silly audit   'multicast-dns': [ '7.2.5' ],
85 silly audit   nanoid: [ '3.3.11' ],
85 silly audit   'natural-compare': [ '1.4.0' ],
85 silly audit   'natural-compare-lite': [ '1.4.0' ],
85 silly audit   negotiator: [ '0.6.3' ],
85 silly audit   'neo-async': [ '2.6.2' ],
85 silly audit   'no-case': [ '3.0.4' ],
85 silly audit   'node-forge': [ '1.3.1' ],
85 silly audit   'node-int64': [ '0.4.0' ],
85 silly audit   'node-releases': [ '2.0.19' ],
85 silly audit   'normalize-path': [ '3.0.0' ],
85 silly audit   'normalize-range': [ '0.1.2' ],
85 silly audit   'normalize-url': [ '6.1.0' ],
85 silly audit   'npm-run-path': [ '4.0.1' ],
85 silly audit   'nth-check': [ '2.1.1', '1.0.2' ],
85 silly audit   nwsapi: [ '2.2.2' ],
85 silly audit   'object-assign': [ '4.1.1' ],
85 silly audit   'object-hash': [ '3.0.0' ],
85 silly audit   'object-inspect': [ '1.13.4' ],
85 silly audit   'object-is': [ '1.1.5' ],
85 silly audit   'object-keys': [ '1.1.1' ],
85 silly audit   'object.assign': [ '4.1.4' ],
85 silly audit   'object.entries': [ '1.1.6' ],
85 silly audit   'object.fromentries': [ '2.0.6' ],
85 silly audit   'object.getownpropertydescriptors': [ '2.1.5' ],
85 silly audit   'object.hasown': [ '1.1.2' ],
85 silly audit   'object.values': [ '1.1.6' ],
85 silly audit   obuf: [ '1.1.2' ],
85 silly audit   'on-finished': [ '2.4.1' ],
85 silly audit   'on-headers': [ '1.0.2' ],
85 silly audit   once: [ '1.4.0' ],
85 silly audit   onetime: [ '5.1.2' ],
85 silly audit   open: [ '8.4.2' ],
85 silly audit   'p-retry': [ '4.6.2' ],
85 silly audit   'p-try': [ '2.2.0' ],
85 silly audit   'param-case': [ '3.0.4' ],
85 silly audit   'parent-module': [ '1.0.1' ],
85 silly audit   'parse-json': [ '5.2.0' ],
85 silly audit   parse5: [ '6.0.1' ],
85 silly audit   parseurl: [ '1.3.3' ],
85 silly audit   'pascal-case': [ '3.1.2' ],
85 silly audit   'path-exists': [ '4.0.0', '3.0.0' ],
85 silly audit   'path-is-absolute': [ '1.0.1' ],
85 silly audit   'path-key': [ '3.1.1' ],
85 silly audit   'path-parse': [ '1.0.7' ],
85 silly audit   'path-to-regexp': [ '0.1.12' ],
85 silly audit   'path-type': [ '4.0.0' ],
85 silly audit   'performance-now': [ '2.1.0' ],
85 silly audit   picocolors: [ '1.1.1', '0.2.1' ],
85 silly audit   picomatch: [ '2.3.1' ],
85 silly audit   pify: [ '2.3.0' ],
85 silly audit   pirates: [ '4.0.5' ],
85 silly audit   'pkg-dir': [ '4.2.0' ],
85 silly audit   'pkg-up': [ '3.1.0' ],
85 silly audit   postcss: [ '8.5.6', '7.0.39' ],
85 silly audit   'postcss-attribute-case-insensitive': [ '5.0.2' ],
85 silly audit   'postcss-browser-comments': [ '4.0.0' ],
85 silly audit   'postcss-calc': [ '8.2.4' ],
85 silly audit   'postcss-clamp': [ '4.1.0' ],
85 silly audit   'postcss-color-functional-notation': [ '4.2.4' ],
85 silly audit   'postcss-color-hex-alpha': [ '8.0.4' ],
85 silly audit   'postcss-color-rebeccapurple': [ '7.1.1' ],
85 silly audit   'postcss-colormin': [ '5.3.1' ],
85 silly audit   'postcss-convert-values': [ '5.1.3' ],
85 silly audit   'postcss-custom-media': [ '8.0.2' ],
85 silly audit   'postcss-custom-properties': [ '12.1.11' ],
85 silly audit   'postcss-custom-selectors': [ '6.0.3' ],
85 silly audit   'postcss-dir-pseudo-class': [ '6.0.5' ],
85 silly audit   'postcss-discard-comments': [ '5.1.2' ],
85 silly audit   'postcss-discard-duplicates': [ '5.1.0' ],
85 silly audit   'postcss-discard-empty': [ '5.1.1' ],
85 silly audit   'postcss-discard-overridden': [ '5.1.0' ],
85 silly audit   'postcss-double-position-gradients': [ '3.1.2' ],
85 silly audit   'postcss-env-function': [ '4.0.6' ],
85 silly audit   'postcss-flexbugs-fixes': [ '5.0.2' ],
85 silly audit   'postcss-focus-visible': [ '6.0.4' ],
85 silly audit   'postcss-focus-within': [ '5.0.4' ],
85 silly audit   'postcss-font-variant': [ '5.0.0' ],
85 silly audit   'postcss-gap-properties': [ '3.0.5' ],
85 silly audit   'postcss-image-set-function': [ '4.0.7' ],
85 silly audit   'postcss-import': [ '14.1.0' ],
85 silly audit   'postcss-initial': [ '4.0.1' ],
85 silly audit   'postcss-js': [ '4.0.1' ],
85 silly audit   'postcss-lab-function': [ '4.2.1' ],
85 silly audit   'postcss-load-config': [ '3.1.4' ],
85 silly audit   'postcss-loader': [ '6.2.1' ],
85 silly audit   'postcss-logical': [ '5.0.4' ],
85 silly audit   'postcss-media-minmax': [ '5.0.0' ],
85 silly audit   'postcss-merge-longhand': [ '5.1.7' ],
85 silly audit   'postcss-merge-rules': [ '5.1.4' ],
85 silly audit   'postcss-minify-font-values': [ '5.1.0' ],
85 silly audit   'postcss-minify-gradients': [ '5.1.1' ],
85 silly audit   'postcss-minify-params': [ '5.1.4' ],
85 silly audit   'postcss-minify-selectors': [ '5.2.1' ],
85 silly audit   'postcss-modules-extract-imports': [ '3.0.0' ],
85 silly audit   'postcss-modules-local-by-default': [ '4.0.0' ],
85 silly audit   'postcss-modules-scope': [ '3.0.0' ],
85 silly audit   'postcss-modules-values': [ '4.0.0' ],
85 silly audit   'postcss-nested': [ '6.0.0' ],
85 silly audit   'postcss-nesting': [ '10.2.0' ],
85 silly audit   'postcss-normalize': [ '10.0.1' ],
85 silly audit   'postcss-normalize-charset': [ '5.1.0' ],
85 silly audit   'postcss-normalize-display-values': [ '5.1.0' ],
85 silly audit   'postcss-normalize-positions': [ '5.1.1' ],
85 silly audit   'postcss-normalize-repeat-style': [ '5.1.1' ],
85 silly audit   'postcss-normalize-string': [ '5.1.0' ],
85 silly audit   'postcss-normalize-timing-functions': [ '5.1.0' ],
85 silly audit   'postcss-normalize-unicode': [ '5.1.1' ],
85 silly audit   'postcss-normalize-url': [ '5.1.0' ],
85 silly audit   'postcss-normalize-whitespace': [ '5.1.1' ],
85 silly audit   'postcss-opacity-percentage': [ '1.1.3' ],
85 silly audit   'postcss-ordered-values': [ '5.1.3' ],
85 silly audit   'postcss-overflow-shorthand': [ '3.0.4' ],
85 silly audit   'postcss-page-break': [ '3.0.4' ],
85 silly audit   'postcss-place': [ '7.0.5' ],
85 silly audit   'postcss-preset-env': [ '7.8.3' ],
85 silly audit   'postcss-pseudo-class-any-link': [ '7.1.6' ],
85 silly audit   'postcss-reduce-initial': [ '5.1.2' ],
85 silly audit   'postcss-reduce-transforms': [ '5.1.0' ],
85 silly audit   'postcss-replace-overflow-wrap': [ '4.0.0' ],
85 silly audit   'postcss-selector-not': [ '6.0.1' ],
85 silly audit   'postcss-selector-parser': [ '6.0.11' ],
85 silly audit   'postcss-svgo': [ '5.1.0' ],
85 silly audit   svgo: [ '2.8.0', '1.3.2' ],
85 silly audit   'postcss-unique-selectors': [ '5.1.1' ],
85 silly audit   'postcss-value-parser': [ '4.2.0' ],
85 silly audit   prettier: [ '2.8.3' ],
85 silly audit   'prettier-linter-helpers': [ '1.0.0' ],
85 silly audit   'pretty-bytes': [ '5.6.0' ],
85 silly audit   'pretty-error': [ '4.0.0' ],
85 silly audit   'process-nextick-args': [ '2.0.1' ],
85 silly audit   promise: [ '8.3.0' ],
85 silly audit   prompts: [ '2.4.2' ],
85 silly audit   'prop-types': [ '15.8.1' ],
85 silly audit   'proxy-addr': [ '2.0.7' ],
85 silly audit   psl: [ '1.9.0' ],
85 silly audit   punycode: [ '2.3.0' ],
85 silly audit   q: [ '1.5.1' ],
85 silly audit   qs: [ '6.13.0' ],
85 silly audit   querystringify: [ '2.2.0' ],
85 silly audit   'queue-microtask': [ '1.2.3' ],
85 silly audit   'quick-lru': [ '5.1.1' ],
85 silly audit   raf: [ '3.4.1' ],
85 silly audit   randombytes: [ '2.1.0' ],
85 silly audit   'range-parser': [ '1.2.1' ],
85 silly audit   'raw-body': [ '2.5.2' ],
85 silly audit   react: [ '18.2.0' ],
85 silly audit   'react-app-polyfill': [ '3.0.0' ],
85 silly audit   'react-dev-utils': [ '12.0.1' ],
85 silly audit   'react-dom': [ '18.2.0' ],
85 silly audit   'react-error-overlay': [ '6.0.11' ],
85 silly audit   'react-refresh': [ '0.11.0' ],
85 silly audit   'react-scripts': [ '5.0.1' ],
85 silly audit   'read-cache': [ '1.0.0' ],
85 silly audit   readdirp: [ '3.6.0' ],
85 silly audit   'recursive-readdir': [ '2.2.3' ],
85 silly audit   redent: [ '3.0.0' ],
85 silly audit   regenerate: [ '1.4.2' ],
85 silly audit   'regenerate-unicode-properties': [ '10.1.0' ],
85 silly audit   'regenerator-runtime': [ '0.13.11' ],
85 silly audit   'regenerator-transform': [ '0.15.1' ],
85 silly audit   'regex-parser': [ '2.2.11' ],
85 silly audit   'regexp.prototype.flags': [ '1.4.3' ],
85 silly audit   regexpp: [ '3.2.0' ],
85 silly audit   'regexpu-core': [ '5.3.1' ],
85 silly audit   regjsparser: [ '0.9.1' ],
85 silly audit   relateurl: [ '0.2.7' ],
85 silly audit   renderkid: [ '3.0.0' ],
85 silly audit   'require-directory': [ '2.1.1' ],
85 silly audit   'require-from-string': [ '2.0.2' ],
85 silly audit   'requires-port': [ '1.0.0' ],
85 silly audit   'resolve-cwd': [ '3.0.0' ],
85 silly audit   'resolve-url-loader': [ '4.0.0' ],
85 silly audit   'resolve.exports': [ '1.1.1' ],
85 silly audit   retry: [ '0.13.1' ],
85 silly audit   reusify: [ '1.0.4' ],
85 silly audit   rimraf: [ '3.0.2' ],
85 silly audit   rollup: [ '2.79.2' ],
85 silly audit   'rollup-plugin-terser': [ '7.0.2' ],
85 silly audit   'serialize-javascript': [ '4.0.0', '6.0.2' ],
85 silly audit   'run-parallel': [ '1.2.0' ],
85 silly audit   'safe-regex-test': [ '1.0.0' ],
85 silly audit   'safer-buffer': [ '2.1.2' ],
85 silly audit   'sanitize.css': [ '13.0.0' ],
85 silly audit   'sass-loader': [ '12.6.0' ],
85 silly audit   sax: [ '1.2.4' ],
85 silly audit   saxes: [ '5.0.1' ],
85 silly audit   scheduler: [ '0.23.0' ],
85 silly audit   'select-hose': [ '2.0.0' ],
85 silly audit   selfsigned: [ '2.1.1' ],
85 silly audit   send: [ '0.19.0' ],
85 silly audit   'serve-index': [ '1.9.1' ],
85 silly audit   setprototypeof: [ '1.1.0', '1.2.0' ],
85 silly audit   statuses: [ '1.5.0', '2.0.1' ],
85 silly audit   'serve-static': [ '1.16.2' ],
85 silly audit   shallowequal: [ '1.1.0' ],
85 silly audit   'shebang-command': [ '2.0.0' ],
85 silly audit   'shebang-regex': [ '3.0.0' ],
85 silly audit   'shell-quote': [ '1.8.3' ],
85 silly audit   'side-channel': [ '1.1.0' ],
85 silly audit   'side-channel-list': [ '1.0.0' ],
85 silly audit   'side-channel-map': [ '1.0.1' ],
85 silly audit   'side-channel-weakmap': [ '1.0.2' ],
85 silly audit   'signal-exit': [ '3.0.7' ],
85 silly audit   sisteransi: [ '1.0.5' ],
85 silly audit   sockjs: [ '0.3.24' ],
85 silly audit   'source-list-map': [ '2.0.1' ],
85 silly audit   'source-map-js': [ '1.2.1' ],
85 silly audit   'source-map-loader': [ '3.0.2' ],
85 silly audit   'source-map-support': [ '0.5.21' ],
85 silly audit   'sourcemap-codec': [ '1.4.8' ],
85 silly audit   spdy: [ '4.0.2' ],
85 silly audit   'spdy-transport': [ '3.0.0' ],
85 silly audit   'sprintf-js': [ '1.0.3' ],
85 silly audit   stable: [ '0.1.8' ],
85 silly audit   'stack-utils': [ '2.0.6' ],
85 silly audit   stackframe: [ '1.3.4' ],
85 silly audit   'stop-iteration-iterator': [ '1.0.0' ],
85 silly audit   'string-natural-compare': [ '3.0.1' ],
85 silly audit   'string-width': [ '4.2.3' ],
85 silly audit   'string.prototype.matchall': [ '4.0.8' ],
85 silly audit   'string.prototype.trimend': [ '1.0.6' ],
85 silly audit   'string.prototype.trimstart': [ '1.0.6' ],
85 silly audit   'stringify-object': [ '3.3.0' ],
85 silly audit   'strip-bom': [ '4.0.0', '3.0.0' ],
85 silly audit   'strip-comments': [ '2.0.1' ],
85 silly audit   'strip-final-newline': [ '2.0.0' ],
85 silly audit   'strip-indent': [ '3.0.0' ],
85 silly audit   'strip-json-comments': [ '3.1.1' ],
85 silly audit   'style-loader': [ '3.3.1' ],
85 silly audit   'styled-components': [ '5.3.6' ],
85 silly audit   stylehacks: [ '5.1.1' ],
85 silly audit   'supports-hyperlinks': [ '2.3.0' ],
85 silly audit   'supports-preserve-symlinks-flag': [ '1.0.0' ],
85 silly audit   'svg-parser': [ '2.0.4' ],
85 silly audit   'symbol-tree': [ '3.2.4' ],
85 silly audit   tailwindcss: [ '3.2.7' ],
85 silly audit   'temp-dir': [ '2.0.0' ],
85 silly audit   tempy: [ '0.6.0' ],
85 silly audit   'terminal-link': [ '2.1.1' ],
85 silly audit   terser: [ '5.43.0' ],
85 silly audit   'terser-webpack-plugin': [ '5.3.14' ],
85 silly audit   'test-exclude': [ '6.0.0' ],
85 silly audit   'text-table': [ '0.2.0' ],
85 silly audit   throat: [ '6.0.2' ],
85 silly audit   thunky: [ '1.1.0' ],
85 silly audit   tmpl: [ '1.0.5' ],
85 silly audit   'to-regex-range': [ '5.0.1' ],
85 silly audit   toidentifier: [ '1.0.1' ],
85 silly audit   'tough-cookie': [ '4.1.4' ],
85 silly audit   universalify: [ '0.2.0', '2.0.0' ],
85 silly audit   tr46: [ '2.1.0', '1.0.1' ],
85 silly audit   tryer: [ '1.0.1' ],
85 silly audit   'tsconfig-paths': [ '3.14.1' ],
85 silly audit   tslib: [ '2.5.0', '1.14.1' ],
85 silly audit   tsutils: [ '3.21.0' ],
85 silly audit   'type-detect': [ '4.0.8' ],
85 silly audit   'type-is': [ '1.6.18' ],
85 silly audit   'typed-array-length': [ '1.0.4' ],
85 silly audit   'typedarray-to-buffer': [ '3.1.5' ],
85 silly audit   typescript: [ '4.9.5' ],
85 silly audit   'unbox-primitive': [ '1.0.2' ],
85 silly audit   'unicode-canonical-property-names-ecmascript': [ '2.0.0' ],
85 silly audit   'unicode-match-property-ecmascript': [ '2.0.0' ],
85 silly audit   'unicode-match-property-value-ecmascript': [ '2.1.0' ],
85 silly audit   'unicode-property-aliases-ecmascript': [ '2.1.0' ],
85 silly audit   'unique-string': [ '2.0.0' ],
85 silly audit   unpipe: [ '1.0.0' ],
85 silly audit   unquote: [ '1.1.1' ],
85 silly audit   upath: [ '1.2.0' ],
85 silly audit   'update-browserslist-db': [ '1.1.3' ],
85 silly audit   'uri-js': [ '4.4.1' ],
85 silly audit   'url-parse': [ '1.5.10' ],
85 silly audit   'util-deprecate': [ '1.0.2' ],
85 silly audit   'util.promisify': [ '1.0.1' ],
85 silly audit   utila: [ '0.4.0' ],
85 silly audit   'utils-merge': [ '1.0.1' ],
85 silly audit   uuid: [ '8.3.2' ],
85 silly audit   'v8-to-istanbul': [ '8.1.1' ],
85 silly audit   vary: [ '1.1.2' ],
85 silly audit   'w3c-hr-time': [ '1.0.2' ],
85 silly audit   'w3c-xmlserializer': [ '2.0.0' ],
85 silly audit   walker: [ '1.0.8' ],
85 silly audit   watchpack: [ '2.4.4' ],
85 silly audit   wbuf: [ '1.7.3' ],
85 silly audit   'web-vitals': [ '2.1.4' ],
85 silly audit   webpack: [ '5.99.9' ],
85 silly audit   'webpack-dev-middleware': [ '5.3.4' ],
85 silly audit   'webpack-dev-server': [ '4.15.2' ],
85 silly audit   ws: [ '8.18.2', '7.5.10' ],
85 silly audit   'webpack-manifest-plugin': [ '4.1.1' ],
85 silly audit   'webpack-sources': [ '2.3.1', '3.2.3', '1.4.3' ],
85 silly audit   'websocket-driver': [ '0.7.4' ],
85 silly audit   'websocket-extensions': [ '0.1.4' ],
85 silly audit   'whatwg-encoding': [ '1.0.5' ],
85 silly audit   'whatwg-fetch': [ '3.6.2' ],
85 silly audit   'whatwg-mimetype': [ '2.3.0' ],
85 silly audit   'whatwg-url': [ '8.7.0', '7.1.0' ],
85 silly audit   'which-boxed-primitive': [ '1.0.2' ],
85 silly audit   'which-collection': [ '1.0.1' ],
85 silly audit   'which-typed-array': [ '1.1.9' ],
85 silly audit   'word-wrap': [ '1.2.5' ],
85 silly audit   'workbox-background-sync': [ '6.5.4' ],
85 silly audit   'workbox-broadcast-update': [ '6.5.4' ],
85 silly audit   'workbox-build': [ '6.5.4' ],
85 silly audit   '@apideck/better-ajv-errors': [ '0.3.6' ],
85 silly audit   'workbox-cacheable-response': [ '6.5.4' ],
85 silly audit   'workbox-core': [ '6.5.4' ],
85 silly audit   'workbox-expiration': [ '6.5.4' ],
85 silly audit   'workbox-google-analytics': [ '6.5.4' ],
85 silly audit   'workbox-navigation-preload': [ '6.5.4' ],
85 silly audit   'workbox-precaching': [ '6.5.4' ],
85 silly audit   'workbox-range-requests': [ '6.5.4' ],
85 silly audit   'workbox-recipes': [ '6.5.4' ],
85 silly audit   'workbox-routing': [ '6.5.4' ],
85 silly audit   'workbox-strategies': [ '6.5.4' ],
85 silly audit   'workbox-streams': [ '6.5.4' ],
85 silly audit   'workbox-sw': [ '6.5.4' ],
85 silly audit   'workbox-webpack-plugin': [ '6.5.4' ],
85 silly audit   'workbox-window': [ '6.5.4' ],
85 silly audit   'wrap-ansi': [ '7.0.0' ],
85 silly audit   wrappy: [ '1.0.2' ],
85 silly audit   'write-file-atomic': [ '3.0.3' ],
85 silly audit   'xml-name-validator': [ '3.0.0' ],
85 silly audit   xmlchars: [ '2.2.0' ],
85 silly audit   xtend: [ '4.0.2' ],
85 silly audit   y18n: [ '5.0.8' ],
85 silly audit   yallist: [ '3.1.1' ],
85 silly audit   yaml: [ '1.10.2' ],
85 silly audit   yargs: [ '16.2.0' ],
85 silly audit   'yargs-parser': [ '20.2.9' ],
85 silly audit   'yocto-queue': [ '0.1.0' ],
85 silly audit   '@reduxjs/toolkit': [ '2.8.2' ],
85 silly audit   'react-redux': [ '9.2.0' ],
85 silly audit   '@types/react': [ '18.3.23' ],
85 silly audit   '@standard-schema/spec': [ '1.0.0' ],
85 silly audit   '@standard-schema/utils': [ '0.3.0' ],
85 silly audit   redux: [ '5.0.1' ],
85 silly audit   'redux-thunk': [ '3.1.0' ],
85 silly audit   reselect: [ '5.1.1' ],
85 silly audit   '@types/use-sync-external-store': [ '0.0.6' ],
85 silly audit   'use-sync-external-store': [ '1.5.0' ]
85 silly audit }
86 verbose reify failed optional dependency C:\Users\Usuário\Documents\EBAC\python\Introdução ao Redux com React\tarefa_modulo\ebac_sports\node_modules\fsevents
87 silly reify mark deleted [
87 silly reify   'C:\\Users\\Usuário\\Documents\\EBAC\\python\\Introdução ao Redux com React\\tarefa_modulo\\ebac_sports\\node_modules\\fsevents'
87 silly reify ]
88 http cache use-sync-external-store@https://registry.npmjs.org/use-sync-external-store/-/use-sync-external-store-1.5.0.tgz 0ms (cache hit)
89 http cache @types/use-sync-external-store@https://registry.npmjs.org/@types/use-sync-external-store/-/use-sync-external-store-0.0.6.tgz 0ms (cache hit)
90 http cache reselect@https://registry.npmjs.org/reselect/-/reselect-5.1.1.tgz 0ms (cache hit)
91 http cache redux-thunk@https://registry.npmjs.org/redux-thunk/-/redux-thunk-3.1.0.tgz 0ms (cache hit)
92 http cache redux@https://registry.npmjs.org/redux/-/redux-5.0.1.tgz 0ms (cache hit)
93 http cache @standard-schema/utils@https://registry.npmjs.org/@standard-schema/utils/-/utils-0.3.0.tgz 0ms (cache hit)
94 http cache @standard-schema/spec@https://registry.npmjs.org/@standard-schema/spec/-/spec-1.0.0.tgz 0ms (cache hit)
95 http cache react-redux@https://registry.npmjs.org/react-redux/-/react-redux-9.2.0.tgz 0ms (cache hit)
96 http cache @reduxjs/toolkit@https://registry.npmjs.org/@reduxjs/toolkit/-/toolkit-2.8.2.tgz 0ms (cache hit)
97 http cache @types/react@https://registry.npmjs.org/@types/react/-/react-18.3.23.tgz 0ms (cache hit)
98 silly tarball no local data for use-sync-external-store@https://registry.npmjs.org/use-sync-external-store/-/use-sync-external-store-1.5.0.tgz. Extracting by manifest.
99 silly tarball no local data for @types/use-sync-external-store@https://registry.npmjs.org/@types/use-sync-external-store/-/use-sync-external-store-0.0.6.tgz. Extracting by manifest.
100 silly tarball no local data for reselect@https://registry.npmjs.org/reselect/-/reselect-5.1.1.tgz. Extracting by manifest.
101 silly tarball no local data for redux-thunk@https://registry.npmjs.org/redux-thunk/-/redux-thunk-3.1.0.tgz. Extracting by manifest.
102 http cache immer@https://registry.npmjs.org/immer/-/immer-10.1.1.tgz 0ms (cache hit)
103 silly tarball no local data for redux@https://registry.npmjs.org/redux/-/redux-5.0.1.tgz. Extracting by manifest.
104 silly tarball no local data for @standard-schema/utils@https://registry.npmjs.org/@standard-schema/utils/-/utils-0.3.0.tgz. Extracting by manifest.
105 silly tarball no local data for @standard-schema/spec@https://registry.npmjs.org/@standard-schema/spec/-/spec-1.0.0.tgz. Extracting by manifest.
106 silly tarball no local data for react-redux@https://registry.npmjs.org/react-redux/-/react-redux-9.2.0.tgz. Extracting by manifest.
107 silly tarball no local data for @reduxjs/toolkit@https://registry.npmjs.org/@reduxjs/toolkit/-/toolkit-2.8.2.tgz. Extracting by manifest.
108 silly tarball no local data for @types/react@https://registry.npmjs.org/@types/react/-/react-18.3.23.tgz. Extracting by manifest.
109 silly tarball no local data for immer@https://registry.npmjs.org/immer/-/immer-10.1.1.tgz. Extracting by manifest.
110 http fetch GET 200 https://registry.npmjs.org/use-sync-external-store/-/use-sync-external-store-1.5.0.tgz 161ms (cache miss)
111 http fetch GET 200 https://registry.npmjs.org/@standard-schema/utils/-/utils-0.3.0.tgz 176ms (cache miss)
112 http fetch GET 200 https://registry.npmjs.org/@types/use-sync-external-store/-/use-sync-external-store-0.0.6.tgz 319ms (cache miss)
113 http fetch POST 200 https://registry.npmjs.org/-/npm/v1/security/advisories/bulk 340ms
114 silly audit report {
114 silly audit report   'nth-check': [
114 silly audit report     {
114 silly audit report       id: 1095141,
114 silly audit report       url: 'https://github.com/advisories/GHSA-rp65-9cf3-cjxr',
114 silly audit report       title: 'Inefficient Regular Expression Complexity in nth-check',
114 silly audit report       severity: 'high',
114 silly audit report       vulnerable_versions: '<2.0.1',
114 silly audit report       cwe: [Array],
114 silly audit report       cvss: [Object]
114 silly audit report     }
114 silly audit report   ],
114 silly audit report   postcss: [
114 silly audit report     {
114 silly audit report       id: 1094544,
114 silly audit report       url: 'https://github.com/advisories/GHSA-7fh5-64p2-3v2j',
114 silly audit report       title: 'PostCSS line return parsing error',
114 silly audit report       severity: 'moderate',
114 silly audit report       vulnerable_versions: '<8.4.31',
114 silly audit report       cwe: [Array],
114 silly audit report       cvss: [Object]
114 silly audit report     }
114 silly audit report   ],
114 silly audit report   'webpack-dev-server': [
114 silly audit report     {
114 silly audit report       id: 1105256,
114 silly audit report       url: 'https://github.com/advisories/GHSA-9jgg-88mc-972h',
114 silly audit report       title: "webpack-dev-server users' source code may be stolen when they access a malicious web site with non-Chromium based browser",
114 silly audit report       severity: 'moderate',
114 silly audit report       vulnerable_versions: '<=5.2.0',
114 silly audit report       cwe: [Array],
114 silly audit report       cvss: [Object]
114 silly audit report     },
114 silly audit report     {
114 silly audit report       id: 1105257,
114 silly audit report       url: 'https://github.com/advisories/GHSA-4v9v-hfq4-rm2v',
114 silly audit report       title: "webpack-dev-server users' source code may be stolen when they access a malicious web site",
114 silly audit report       severity: 'moderate',
114 silly audit report       vulnerable_versions: '<=5.2.0',
114 silly audit report       cwe: [Array],
114 silly audit report       cvss: [Object]
114 silly audit report     }
114 silly audit report   ]
114 silly audit report }
115 silly packumentCache corgi:https://registry.npmjs.org/nth-check cache-miss
116 silly packumentCache corgi:https://registry.npmjs.org/postcss cache-miss
117 silly packumentCache corgi:https://registry.npmjs.org/webpack-dev-server cache-miss
118 http fetch GET 200 https://registry.npmjs.org/reselect/-/reselect-5.1.1.tgz 354ms (cache miss)
119 http fetch GET 200 https://registry.npmjs.org/redux/-/redux-5.0.1.tgz 354ms (cache miss)
120 http fetch GET 200 https://registry.npmjs.org/redux-thunk/-/redux-thunk-3.1.0.tgz 395ms (cache miss)
121 http fetch GET 200 https://registry.npmjs.org/webpack-dev-server 84ms (cache revalidated)
122 silly packumentCache corgi:https://registry.npmjs.org/webpack-dev-server set size:455204 disposed:false
123 http fetch GET 200 https://registry.npmjs.org/nth-check 96ms (cache revalidated)
124 silly packumentCache corgi:https://registry.npmjs.org/nth-check set size:10078 disposed:false
125 http fetch GET 200 https://registry.npmjs.org/postcss 96ms (cache revalidated)
126 silly packumentCache corgi:https://registry.npmjs.org/postcss set size:337129 disposed:false
127 silly packumentCache corgi:https://registry.npmjs.org/css-select cache-miss
128 http fetch GET 200 https://registry.npmjs.org/@standard-schema/spec/-/spec-1.0.0.tgz 594ms (cache miss)
129 http fetch GET 200 https://registry.npmjs.org/css-select 259ms (cache revalidated)
130 silly packumentCache corgi:https://registry.npmjs.org/css-select set size:44393 disposed:false
131 silly packumentCache corgi:https://registry.npmjs.org/resolve-url-loader cache-miss
132 http fetch GET 200 https://registry.npmjs.org/immer/-/immer-10.1.1.tgz 896ms (cache miss)
133 http fetch GET 200 https://registry.npmjs.org/resolve-url-loader 219ms (cache revalidated)
134 silly packumentCache corgi:https://registry.npmjs.org/resolve-url-loader set size:61938 disposed:false
135 silly packumentCache corgi:https://registry.npmjs.org/@pmmmwh%2freact-refresh-webpack-plugin cache-miss
136 silly packumentCache corgi:https://registry.npmjs.org/react-scripts cache-miss
137 http fetch GET 200 https://registry.npmjs.org/@types/react/-/react-18.3.23.tgz 915ms (cache miss)
138 http fetch GET 200 https://registry.npmjs.org/react-redux/-/react-redux-9.2.0.tgz 970ms (cache miss)
139 http fetch GET 200 https://registry.npmjs.org/react-scripts 208ms (cache revalidated)
140 silly packumentCache corgi:https://registry.npmjs.org/react-scripts set size:342451 disposed:false
141 http fetch GET 200 https://registry.npmjs.org/@pmmmwh%2freact-refresh-webpack-plugin 282ms (cache revalidated)
142 silly packumentCache corgi:https://registry.npmjs.org/@pmmmwh%2freact-refresh-webpack-plugin set size:198841 disposed:false
143 silly packumentCache corgi:https://registry.npmjs.org/svgo cache-miss
144 http fetch GET 200 https://registry.npmjs.org/svgo 108ms (cache revalidated)
145 silly packumentCache corgi:https://registry.npmjs.org/svgo set size:131803 disposed:false
146 silly packumentCache corgi:https://registry.npmjs.org/@svgr%2fplugin-svgo cache-miss
147 http fetch GET 200 https://registry.npmjs.org/@svgr%2fplugin-svgo 323ms (cache revalidated)
148 silly packumentCache corgi:https://registry.npmjs.org/@svgr%2fplugin-svgo set size:36570 disposed:false
149 silly packumentCache corgi:https://registry.npmjs.org/@svgr%2fwebpack cache-miss
150 http fetch GET 200 https://registry.npmjs.org/@svgr%2fwebpack 516ms (cache revalidated)
151 silly packumentCache corgi:https://registry.npmjs.org/@svgr%2fwebpack set size:85201 disposed:false
152 http fetch GET 200 https://registry.npmjs.org/@reduxjs/toolkit/-/toolkit-2.8.2.tgz 2908ms (cache miss)
153 silly ADD node_modules/use-sync-external-store
154 silly ADD node_modules/@types/use-sync-external-store
155 silly ADD node_modules/reselect
156 silly ADD node_modules/redux-thunk
157 silly ADD node_modules/redux
158 silly ADD node_modules/@standard-schema/utils
159 silly ADD node_modules/@standard-schema/spec
160 silly ADD node_modules/react-redux
161 silly ADD node_modules/@reduxjs/toolkit
162 silly ADD node_modules/@reduxjs/toolkit/node_modules/immer
163 silly ADD
164 silly REMOVE node_modules/@types/scheduler
165 silly CHANGE node_modules/@types/react
166 verbose cwd C:\Users\Usuário\Documents\EBAC\python\Introdução ao Redux com React\tarefa_modulo\ebac_sports
167 verbose os Windows_NT 10.0.19045
168 verbose node v22.16.0
169 verbose npm  v10.9.2
170 verbose exit 0
171 info ok
